<?xml version="1.0" encoding="UTF-8"?>
<testng-results skipped="0" failed="0" total="1" passed="1">
  <reporter-output>
  </reporter-output>
  <suite name="Default suite" duration-ms="39065" started-at="2020-12-09T03:46:12Z" finished-at="2020-12-09T03:46:51Z">
    <groups>
      <group name="cucumber">
        <method signature="AbstractTestNGCucumberTests.runScenario(cucumber.api.testng.PickleEventWrapper, cucumber.api.testng.CucumberFeatureWrapper)[pri:0, instance:Runners.TestRunner@43a25848]" name="runScenario" class="cucumber.api.testng.AbstractTestNGCucumberTests"/>
      </group> <!-- cucumber -->
    </groups>
    <test name="Default test" duration-ms="39065" started-at="2020-12-09T03:46:12Z" finished-at="2020-12-09T03:46:51Z">
      <class name="Runners.TestRunner">
        <test-method status="PASS" signature="setUpClass()[pri:0, instance:Runners.TestRunner@43a25848]" name="setUpClass" is-config="true" duration-ms="178" started-at="2020-12-09T09:16:12Z" finished-at="2020-12-09T09:16:12Z">
          <reporter-output>
          </reporter-output>
        </test-method> <!-- setUpClass -->
        <test-method status="PASS" signature="runScenario(cucumber.api.testng.PickleEventWrapper, cucumber.api.testng.CucumberFeatureWrapper)[pri:0, instance:Runners.TestRunner@43a25848]" name="runScenario" duration-ms="38749" started-at="2020-12-09T09:16:12Z" description="Runs Cucumber Scenarios" data-provider="scenarios" finished-at="2020-12-09T09:16:51Z">
          <params>
            <param index="0">
              <value>
                <![CDATA["Succesful login on entering valid Email and password"]]>
              </value>
            </param>
            <param index="1">
              <value>
                <![CDATA["Login"]]>
              </value>
            </param>
          </params>
          <reporter-output>
          </reporter-output>
        </test-method> <!-- runScenario -->
        <test-method status="PASS" signature="tearDownClass()[pri:0, instance:Runners.TestRunner@43a25848]" name="tearDownClass" is-config="true" duration-ms="52" started-at="2020-12-09T09:16:51Z" finished-at="2020-12-09T09:16:51Z">
          <reporter-output>
          </reporter-output>
        </test-method> <!-- tearDownClass -->
      </class> <!-- Runners.TestRunner -->
    </test> <!-- Default test -->
  </suite> <!-- Default suite -->
</testng-results>
